[2015-10-30 19:31:34] START
[2015-10-30 19:31:34] EDIT welcome/controllers/default.py: 0
[2015-10-30 19:32:43] EDIT welcome/controllers/default.py: 0
[2015-10-30 19:32:45] EDIT welcome/controllers/default.py: 0
[2017-03-26 23:17:27] CREATE admin.py: 0
[2017-03-26 23:17:40] EDIT OIMS/controllers/admin.py: 38
[2017-03-26 23:17:42] EDIT OIMS/controllers/admin.py: 0
[2017-03-26 23:18:14] EDIT OIMS/controllers/default.py: 31
[2017-03-26 23:18:31] EDIT OIMS/models/db.py: 32
[2017-03-26 23:18:55] CREATE db_admintables.py: 0
[2017-03-26 23:19:05] EDIT OIMS/models/db_admintables.py: 12
[2017-03-26 23:19:17] EDIT OIMS/models/menu.py: 6
[2017-03-26 23:19:28] EDIT OIMS/models/db.py: 0
[2017-03-26 23:23:10] EDIT OIMS/views/default/index.html: -30
[2017-03-26 23:28:50] EDIT OIMS/models/menu.py: 8
[2017-03-26 23:28:54] EDIT OIMS/models/menu.py: 0
[2017-03-26 23:29:45] EDIT OIMS/models/menu.py: 0
[2017-03-26 23:29:51] EDIT OIMS/models/menu.py: 0
[2017-03-26 23:29:57] EDIT OIMS/models/menu.py: 0
[2017-03-26 23:30:26] EDIT OIMS/models/menu.py: 1
[2017-03-26 23:30:40] EDIT OIMS/models/menu.py: 0
[2017-03-26 23:30:47] EDIT OIMS/models/menu.py: -1
[2017-03-26 23:30:48] EDIT OIMS/models/menu.py: 0
[2017-03-26 23:32:38] EDIT OIMS/controllers/admin.py: 2
[2017-03-26 23:32:44] EDIT OIMS/controllers/admin.py: 1
[2017-03-26 23:32:55] EDIT OIMS/controllers/admin.py: 3
[2017-03-26 23:33:01] EDIT OIMS/controllers/admin.py: 0
[2017-03-26 23:33:09] EDIT OIMS/controllers/admin.py: 3
[2017-03-26 23:33:15] EDIT OIMS/controllers/admin.py: 0
[2017-03-26 23:33:56] EDIT OIMS/models/menu.py: 0
[2017-03-26 23:38:34] EDIT OIMS/models/menu.py: 0
[2017-03-26 23:38:48] EDIT OIMS/models/menu.py: 0
[2017-03-26 23:39:05] EDIT OIMS/models/menu.py: 0
[2017-03-26 23:39:18] EDIT OIMS/models/menu.py: 0
[2017-03-26 23:53:52] CREATE admin/index.html: 0
[2017-03-26 23:54:12] EDIT OIMS/views/admin/index.html: 5
[2017-03-26 23:54:23] EDIT OIMS/views/admin/index.html: 0
[2017-03-27 00:07:32] EDIT OIMS/views/layout.html: 0
[2017-03-27 00:07:34] EDIT OIMS/views/layout.html: 0
[2017-03-27 00:08:52] EDIT OIMS/controllers/admin.py: -3
[2017-03-27 00:08:57] EDIT OIMS/controllers/admin.py: 0
[2017-03-27 00:09:00] EDIT OIMS/controllers/admin.py: 3
[2017-03-27 00:09:01] EDIT OIMS/controllers/admin.py: 0
[2017-03-27 00:09:17] EDIT OIMS/controllers/admin.py: 0
[2017-03-27 00:09:21] EDIT OIMS/controllers/admin.py: 0
[2017-03-27 00:32:55] EDIT OIMS/models/menu.py: 2
[2017-03-27 00:32:59] EDIT OIMS/models/menu.py: 0
[2017-03-27 00:33:14] EDIT OIMS/models/menu.py: 1
[2017-03-27 00:33:17] EDIT OIMS/models/menu.py: 0
[2017-03-27 00:33:34] EDIT OIMS/models/menu.py: -3
[2017-03-27 00:34:20] EDIT OIMS/models/menu.py: 3
[2017-03-27 00:34:30] EDIT OIMS/models/menu.py: 0
[2017-03-27 00:34:34] EDIT OIMS/models/menu.py: 0
[2017-03-27 00:34:51] EDIT OIMS/models/menu.py: 0
[2017-03-27 00:35:31] EDIT OIMS/models/menu.py: 0
[2017-03-27 00:35:56] EDIT OIMS/models/menu.py: 1
[2017-03-27 00:36:00] EDIT OIMS/models/menu.py: 0
[2017-03-27 00:36:05] EDIT OIMS/models/menu.py: 0
[2017-03-27 00:36:52] EDIT OIMS/models/menu.py: 4
[2017-03-27 00:36:57] EDIT OIMS/models/menu.py: 0
[2017-03-27 00:37:00] EDIT OIMS/models/menu.py: 0
[2017-03-27 00:37:10] EDIT OIMS/models/menu.py: 0
[2017-03-27 00:37:59] EDIT OIMS/models/menu.py: 0
[2017-03-27 00:38:18] EDIT OIMS/models/menu.py: 0
[2017-03-27 00:38:28] EDIT OIMS/models/menu.py: 0
[2017-03-27 00:38:37] EDIT OIMS/controllers/admin.py: 0
[2017-03-27 00:38:39] EDIT OIMS/controllers/admin.py: 0
[2017-03-27 00:38:41] EDIT OIMS/controllers/admin.py: 0
[2017-03-27 00:38:51] EDIT OIMS/controllers/admin.py: 0
[2017-03-27 00:40:27] EDIT OIMS/controllers/admin.py: 0
[2017-03-27 00:40:34] EDIT OIMS/controllers/admin.py: 0
[2017-03-27 00:40:47] EDIT OIMS/controllers/admin.py: 3
[2017-03-27 00:40:51] EDIT OIMS/controllers/admin.py: 0
[2017-03-27 00:41:03] EDIT OIMS/controllers/admin.py: 0
[2017-03-27 00:41:11] EDIT OIMS/controllers/admin.py: 3
[2017-03-27 00:41:16] EDIT OIMS/controllers/admin.py: 0
[2017-03-27 00:41:20] EDIT OIMS/controllers/admin.py: 0
[2017-03-27 00:41:43] EDIT OIMS/controllers/admin.py: 3
[2017-03-27 00:41:45] EDIT OIMS/controllers/admin.py: 3
[2017-03-27 00:41:51] EDIT OIMS/controllers/admin.py: 0
[2017-03-27 00:41:56] EDIT OIMS/controllers/admin.py: 0
[2017-03-27 00:42:09] EDIT OIMS/controllers/admin.py: 0
[2017-03-27 00:42:13] EDIT OIMS/controllers/admin.py: 0
[2017-03-27 00:42:19] EDIT OIMS/controllers/admin.py: 0
[2017-03-27 00:42:21] EDIT OIMS/controllers/admin.py: 0
[2017-03-27 00:43:18] EDIT OIMS/controllers/admin.py: -1
[2017-03-27 01:49:32] EDIT OIMS/controllers/admin.py: 1
[2017-03-27 02:29:52] EDIT OIMS/controllers/admin.py: 1
[2017-03-27 02:29:58] EDIT OIMS/controllers/admin.py: 0
[2017-03-27 02:30:09] EDIT OIMS/controllers/admin.py: 0
[2017-03-27 02:32:08] EDIT OIMS/views/admin/create_user.html: 1
[2017-03-27 02:34:03] EDIT OIMS/views/admin/create_user.html: 2
[2017-03-27 02:34:09] EDIT OIMS/views/admin/create_user.html: 0
[2017-03-27 02:34:15] EDIT OIMS/views/admin/create_user.html: 0
[2017-03-27 02:38:38] EDIT OIMS/controllers/default.py: 1
[2017-03-27 02:38:41] EDIT OIMS/controllers/default.py: 0
[2017-03-28 15:56:02] EDIT OIMS/controllers/admin.py: 0
[2017-03-28 15:56:10] EDIT OIMS/controllers/admin.py: 0
[2017-03-28 15:56:26] EDIT OIMS/controllers/admin.py: 0
[2017-03-28 15:56:32] EDIT OIMS/controllers/admin.py: 0
[2017-03-28 15:56:37] EDIT OIMS/controllers/admin.py: 0
[2017-03-28 15:56:57] EDIT OIMS/models/menu.py: 0
[2017-03-28 15:57:09] EDIT OIMS/models/menu.py: 0
[2017-03-28 15:57:16] EDIT OIMS/models/menu.py: 0
[2017-03-28 15:57:39] EDIT OIMS/models/menu.py: 0
[2017-03-28 15:57:44] EDIT OIMS/models/menu.py: 0
[2017-03-28 15:57:50] EDIT OIMS/models/menu.py: 0
[2017-03-28 15:57:54] EDIT OIMS/models/menu.py: 0
[2017-03-28 15:57:58] EDIT OIMS/models/menu.py: 0
[2017-03-28 16:00:25] EDIT OIMS/views/admin/createUser.html: 3
<<<<<<< HEAD
[2017-03-28 23:08:45] EDIT OIMS/models/db_admintables.py: 9
[2017-03-28 23:10:08] EDIT OIMS/controllers/admin.py: 16
[2017-03-28 23:14:54] EDIT OIMS/models/db_admintables.py: 0
[2017-03-28 23:15:16] EDIT OIMS/models/db_admintables.py: 0
[2017-03-28 23:15:47] EDIT OIMS/models/db_admintables.py: 0
[2017-03-28 23:23:25] EDIT OIMS/controllers/admin.py: 2
[2017-03-29 13:00:29] EDIT OIMS/models/db_admintables.py: -3
[2017-03-29 13:04:58] EDIT OIMS/controllers/admin.py: 36
[2017-03-29 13:05:52] EDIT OIMS/controllers/admin.py: 10
[2017-03-29 13:07:15] CREATE admin/editLocation.html: 0
[2017-03-29 13:07:38] EDIT OIMS/views/admin/editLocation.html: 0
[2017-03-29 13:15:38] EDIT OIMS/controllers/admin.py: 0
[2017-03-29 13:17:09] EDIT OIMS/controllers/admin.py: 1
[2017-03-29 13:17:24] EDIT OIMS/controllers/admin.py: -2
[2017-03-29 13:18:49] EDIT OIMS/controllers/admin.py: 0
[2017-03-29 13:24:24] EDIT OIMS/controllers/admin.py: 1
[2017-03-29 13:25:25] EDIT OIMS/controllers/admin.py: 0
[2017-03-29 13:28:57] EDIT OIMS/controllers/admin.py: 2
[2017-03-29 13:30:27] EDIT OIMS/controllers/admin.py: 0
[2017-03-29 13:42:05] EDIT OIMS/controllers/admin.py: 0
[2017-03-29 13:42:54] EDIT OIMS/controllers/admin.py: -2
[2017-03-29 13:44:44] EDIT OIMS/controllers/admin.py: 3
[2017-03-29 13:45:33] EDIT OIMS/controllers/admin.py: 0
[2017-03-29 13:46:17] EDIT OIMS/controllers/admin.py: 0
[2017-03-30 21:35:35] CREATE db_item.py: 0
[2017-03-30 23:02:40] EDIT OIMS/controllers/admin.py: 0
[2017-03-30 23:03:35] EDIT OIMS/controllers/admin.py: 0
[2017-03-30 23:03:55] EDIT OIMS/controllers/admin.py: 0
[2017-03-30 23:04:01] EDIT OIMS/views/admin/editLocation.html: 0
[2017-03-30 23:04:19] EDIT OIMS/views/admin/editLocation.html: 0
[2017-03-30 23:04:51] EDIT OIMS/views/admin/editLocation.html: 0
=======
[2017-03-28 16:23:55] EDIT OIMS/controllers/admin.py: 0
[2017-03-28 16:23:56] EDIT OIMS/controllers/admin.py: 0
[2017-03-28 16:24:03] EDIT OIMS/controllers/admin.py: -1
[2017-03-28 16:26:27] EDIT OIMS/controllers/admin.py: 0
[2017-03-28 20:24:45] EDIT OIMS/models/db_admintables.py: 4
[2017-03-28 20:24:49] EDIT OIMS/models/db_admintables.py: 0
[2017-03-28 20:26:30] EDIT OIMS/models/db_admintables.py: 1
[2017-03-28 20:26:56] EDIT OIMS/models/db_admintables.py: 1
>>>>>>> 3d8538d8f89a00e455a3b550bbbd1192905feaaa
